2022-12-29 03:21:04 [로그 테스트] error : 로그 확인중
2022-12-29 03:21:04 [로그 테스트] error : 로그 확인중
2022-12-29 03:22:04 [로그 테스트] error : 로그 확인중
2022-12-29 03:22:04 [로그 테스트] info : 
2022-12-29 03:22:04 [로그 테스트] error : 로그 확인중
2022-12-29 03:22:04 [로그 테스트] info : 서버 시작!
2022-12-29 03:23:04 [로그 테스트] error : 로그 확인중
2022-12-29 03:23:04 [로그 테스트] info : 
2022-12-29 03:23:04 [로그 테스트] error : 로그 확인중
2022-12-29 03:23:04 [로그 테스트] info : 
2022-12-29 03:23:04 [로그 테스트] error : 로그 확인중
2022-12-29 03:23:04 [로그 테스트] info : 3000
2022-12-29 03:23:04 [로그 테스트] error : 로그 확인중
2022-12-29 03:23:04 [로그 테스트] info : 3000 포트에서 서버가 가동되었습니다.
2022-12-29 03:24:04 [로그 테스트] error : 로그 확인중
2022-12-29 03:24:04 [로그 테스트] info : 3000 포트에서 서버가 가동되었습니다.
2022-12-29 03:24:04 [로그 테스트] info : 3000 포트에서 서버가 가동되었습니다.
2022-12-29 03:24:04 [로그 테스트] error : 로그 확인중
2022-12-29 03:24:04 [로그 테스트] info : 3000 포트에서 서버가 가동되었습니다.
2022-12-29 03:24:04 [로그 테스트] info : 3000 포트에서 서버가 가동되었습니다.
2022-12-29 03:24:04 [로그 테스트] info : 3000 포트에서 서버가 가동되었습니다.
